This is pdfTeX, Version 3.1415926-1.40.10 (TeX Live 2009/Debian) (format=latex 2014.7.17)  27 APR 2015 17:35
entering extended mode
 %&-line parsing enabled.
**/home/ashley/priming_exp/data/table_cellulose_13C100.tex
(/home/ashley/priming_exp/data/table_cellulose_13C100.tex
LaTeX2e <2009/09/24>
Babel <v3.8l> and hyphenation patterns for english, usenglishmax, dumylang, noh
yphenation, farsi, arabic, croatian, bulgarian, ukrainian, russian, czech, slov
ak, danish, dutch, finnish, french, basque, ngerman, german, german-x-2009-06-1
9, ngerman-x-2009-06-19, ibycus, monogreek, greek, ancientgreek, hungarian, san
skrit, italian, latin, latvian, lithuanian, mongolian2a, mongolian, bokmal, nyn
orsk, romanian, irish, coptic, serbian, turkish, welsh, esperanto, uppersorbian
, estonian, indonesian, interlingua, icelandic, kurmanji, slovenian, polish, po
rtuguese, spanish, galician, catalan, swedish, ukenglish, pinyin, loaded.
(/usr/share/texmf-texlive/tex/latex/base/article.cls
Document Class: article 2007/10/19 v1.4h Standard LaTeX document class
(/usr/share/texmf-texlive/tex/latex/base/size10.clo
File: size10.clo 2007/10/19 v1.4h Standard LaTeX file (size option)
)
\c@part=\count79
\c@section=\count80
\c@subsection=\count81
\c@subsubsection=\count82
\c@paragraph=\count83
\c@subparagraph=\count84
\c@figure=\count85
\c@table=\count86
\abovecaptionskip=\skip41
\belowcaptionskip=\skip42
\bibindent=\dimen102
)
(/usr/share/texmf-texlive/tex/latex/multirow/multirow.sty
\bigstrutjot=\dimen103
)
(/usr/share/texmf-texlive/tex/latex/tools/array.sty
Package: array 2008/09/09 v2.4c Tabular extension package (FMi)
\col@sep=\dimen104
\extrarowheight=\dimen105
\NC@list=\toks14
\extratabsurround=\skip43
\backup@length=\skip44
)
(/usr/share/texmf-texlive/tex/latex/booktabs/booktabs.sty
Package: booktabs 2005/04/14 v1.61803 publication quality tables
\heavyrulewidth=\dimen106
\lightrulewidth=\dimen107
\cmidrulewidth=\dimen108
\belowrulesep=\dimen109
\belowbottomsep=\dimen110
\aboverulesep=\dimen111
\abovetopsep=\dimen112
\cmidrulesep=\dimen113
\cmidrulekern=\dimen114
\defaultaddspace=\dimen115
\@cmidla=\count87
\@cmidlb=\count88
\@aboverulesep=\dimen116
\@belowrulesep=\dimen117
\@thisruleclass=\count89
\@lastruleclass=\count90
\@thisrulewidth=\dimen118
)
(/usr/share/texmf-texlive/tex/latex/tools/longtable.sty
Package: longtable 2004/02/01 v4.11 Multi-page Table package (DPC)
\LTleft=\skip45
\LTright=\skip46
\LTpre=\skip47
\LTpost=\skip48
\LTchunksize=\count91
\LTcapwidth=\dimen119
\LT@head=\box26
\LT@firsthead=\box27
\LT@foot=\box28
\LT@lastfoot=\box29
\LT@cols=\count92
\LT@rows=\count93
\c@LT@tables=\count94
\c@LT@chunks=\count95
\LT@p@ftn=\toks15
)
(/usr/share/texmf-texlive/tex/latex/threeparttablex/threeparttablex.sty
Package: threeparttablex 2009/08/23 v0.04 by daleif

(/usr/share/texmf-texlive/tex/latex/ltxmisc/threeparttable.sty
Package: threeparttable 2003/06/13  v 3.0
\@tempboxb=\box30
)
(/usr/share/texmf-texlive/tex/latex/environ/environ.sty
Package: environ 2008/06/18 v0.2 A new way to define environments
\@emptytoks=\toks16
\@envbody=\toks17
)
\TPTL@width=\skip49
)
(/usr/share/texmf-texlive/tex/latex/enumitem/enumitem.sty
Package: enumitem 2009/05/18 v2.2 Customized lists
\enit@toks=\toks18

(/usr/share/texmf-texlive/tex/latex/graphics/keyval.sty
Package: keyval 1999/03/16 v1.13 key=value parser (DPC)
\KV@toks@=\toks19
)
\labelindent=\skip50
\enit@outerparindent=\dimen120
\enitdp@desc=\count96
)
(/usr/share/texmf-texlive/tex/latex/chngcntr/chngcntr.sty
Package: chngcntr 2009/09/02 v1.0a change counter resetting
)
(/usr/share/texmf-texlive/tex/latex/caption/caption.sty
Package: caption 2009/10/09 v3.1k Customizing captions (AR)

(/usr/share/texmf-texlive/tex/latex/caption/caption3.sty
Package: caption3 2009/10/09 v3.1k caption3 kernel (AR)
\captionmargin=\dimen121
\captionmargin@=\dimen122
\captionwidth=\dimen123
\caption@indent=\dimen124
\caption@parindent=\dimen125
\caption@hangindent=\dimen126
)
\c@ContinuedFloat=\count97
Package caption Info: longtable package is loaded.

(/usr/share/texmf-texlive/tex/latex/caption/ltcaption.sty
Package: ltcaption 2008/03/28 v1.2 longtable captions (AR)
)
Package caption Info: threeparttable package is loaded.
)
(/usr/share/texmf-texlive/tex/latex/geometry/geometry.sty
Package: geometry 2008/12/21 v4.2 Page Geometry

(/usr/share/texmf-texlive/tex/generic/oberdiek/ifpdf.sty
Package: ifpdf 2009/04/10 v2.0 Provides the ifpdf switch (HO)
Package ifpdf Info: pdfTeX in pdf mode not detected.
)
(/usr/share/texmf-texlive/tex/generic/oberdiek/ifvtex.sty
Package: ifvtex 2008/11/04 v1.4 Switches for detecting VTeX and its modes (HO)
Package ifvtex Info: VTeX not detected.
)
\Gm@cnth=\count98
\Gm@cntv=\count99
\c@Gm@tempcnt=\count100
\Gm@bindingoffset=\dimen127
\Gm@wd@mp=\dimen128
\Gm@odd@mp=\dimen129
\Gm@even@mp=\dimen130
\Gm@dimlist=\toks20

(/usr/share/texmf-texlive/tex/xelatex/xetexconfig/geometry.cfg))
(./table_cellulose_13C100.aux)
\openout1 = `table_cellulose_13C100.aux'.

LaTeX Font Info:    Checking defaults for OML/cmm/m/it on input line 14.
LaTeX Font Info:    ... okay on input line 14.
LaTeX Font Info:    Checking defaults for T1/cmr/m/n on input line 14.
LaTeX Font Info:    ... okay on input line 14.
LaTeX Font Info:    Checking defaults for OT1/cmr/m/n on input line 14.
LaTeX Font Info:    ... okay on input line 14.
LaTeX Font Info:    Checking defaults for OMS/cmsy/m/n on input line 14.
LaTeX Font Info:    ... okay on input line 14.
LaTeX Font Info:    Checking defaults for OMX/cmex/m/n on input line 14.
LaTeX Font Info:    ... okay on input line 14.
LaTeX Font Info:    Checking defaults for U/cmr/m/n on input line 14.
LaTeX Font Info:    ... okay on input line 14.
Package caption Info: Begin \AtBeginDocument code.
Package caption Info: End \AtBeginDocument code.

*geometry auto-detecting driver*
*geometry detected driver: dvips*
-------------------- Geometry parameters
paper: class default
landscape: --
twocolumn: --
twoside: --
asymmetric: --
h-parts: 7.11317pt, 600.06865pt, 7.11317pt
v-parts: 28.45274pt, 738.0645pt, 28.45274pt
hmarginratio: --
vmarginratio: --
lines: --
heightrounded: --
bindingoffset: 0.0pt
truedimen: --
includehead: --
includefoot: --
includemp: --
driver: dvips
-------------------- Page layout dimensions and switches
\paperwidth  614.295pt
\paperheight 794.96999pt
\textwidth  600.06865pt
\textheight 738.0645pt
\oddsidemargin  -65.15681pt
\evensidemargin -65.15681pt
\topmargin  -80.81725pt
\headheight 12.0pt
\headsep    25.0pt
\footskip   30.0pt
\marginparwidth 65.0pt
\marginparsep   11.0pt
\columnsep  10.0pt
\skip\footins  9.0pt plus 4.0pt minus 2.0pt
\hoffset 0.0pt
\voffset 0.0pt
\mag 1000

(1in=72.27pt, 1cm=28.45pt)
-----------------------
LaTeX Font Info:    External font `cmex10' loaded for size
(Font)              <7> on input line 30.
LaTeX Font Info:    External font `cmex10' loaded for size
(Font)              <5> on input line 30.
[1

] [2] [3] [4] [5] (./table_cellulose_13C100.aux) ) 
Here is how much of TeX's memory you used:
 2074 strings out of 493849
 33096 string characters out of 1152846
 130693 words of memory out of 3000000
 5374 multiletter control sequences out of 15000+50000
 4294 words of font info for 16 fonts, out of 3000000 for 9000
 714 hyphenation exceptions out of 8191
 36i,11n,42p,304b,350s stack positions out of 5000i,500n,10000p,200000b,50000s

Output written on table_cellulose_13C100.dvi (5 pages, 20240 bytes).
